<?xml version="1.0" encoding="UTF-8"?>
<!-- Generated by org.testng.reporters.JUnitReportReporter -->
<testsuite hostname="bujji" name="com.cucmber.citronglobal.CitronGlobal.Logic.Java_LoginPage" tests="1" failures="0" timestamp="7 Dec 2019 18:35:07 GMT" time="43.514" errors="0">
  <testcase name="loginToCitronGlobal" time="43.514" classname="com.cucmber.citronglobal.CitronGlobal.Logic.Java_LoginPage"/>
</testsuite> <!-- com.cucmber.citronglobal.CitronGlobal.Logic.Java_LoginPage -->
